android/app/build/intermediates/manifest_merge_blame_file/debug/manifest-merger-blame-debug-report.txt
1<?xml version="1.0" encoding="utf-8"?>
2<manifest xmlns:android="http://schemas.android.com/apk/res/android"
3    package="com.extravel_react_native"
4    android:versionCode="1"
5    android:versionName="1.0" >
6
7    <uses-sdk
8        android:minSdkVersion="21"
9        android:targetSdkVersion="33" />
10
11    <uses-permission android:name="android.permission.SYSTEM_ALERT_WINDOW" />
11-->src\debug\AndroidManifest.xml:5:5-77
11-->src\debug\AndroidManifest.xml:5:22-75
12    <uses-permission android:name="android.permission.INTERNET" />
12-->src\main\AndroidManifest.xml:3:5-67
12-->src\main\AndroidManifest.xml:3:22-64
13    <uses-permission android:name="android.permission.CAMERA" />
13-->src\main\AndroidManifest.xml:4:5-65
13-->src\main\AndroidManifest.xml:4:22-62
14    <uses-permission android:name="android.permission.READ_EXTERNAL_STORAGE" />
14-->src\main\AndroidManifest.xml:5:5-80
14-->src\main\AndroidManifest.xml:5:22-77
15    <uses-permission android:name="android.permission.WRITE_EXTERNAL_STORAGE" />
15-->src\main\AndroidManifest.xml:6:5-81
15-->src\main\AndroidManifest.xml:6:22-78
16    <uses-permission android:name="android.permission.ACCESS_FINE_LOCATION" />
16-->src\main\AndroidManifest.xml:7:5-79
16-->src\main\AndroidManifest.xml:7:22-76
17    <uses-permission android:name="android.permission.ACCESS_COARSE_LOCATION" />
17-->src\main\AndroidManifest.xml:8:6-82
17-->src\main\AndroidManifest.xml:8:23-79
18    <uses-permission android:name="android.permission.ACCESS_WIFI_STATE" />
18-->[com.facebook.flipper:flipper:0.182.0] AndroidManifest.xml:16:5-76
18-->[com.facebook.flipper:flipper:0.182.0] AndroidManifest.xml:16:22-73
19
20    <application
20-->src\main\AndroidManifest.xml:9:5-28:19
21        android:name="com.extravel_react_native.MainApplication"
21-->src\main\AndroidManifest.xml:10:7-38
22        android:allowBackup="false"
22-->src\main\AndroidManifest.xml:14:7-34
23        android:appComponentFactory="androidx.core.app.CoreComponentFactory"
23-->[androidx.core:core:1.7.0] AndroidManifest.xml:24:18-86
24        android:debuggable="true"
25        android:icon="@mipmap/ic_launcher"
25-->src\main\AndroidManifest.xml:12:7-41
26        android:label="@string/app_name"
26-->src\main\AndroidManifest.xml:11:7-39
27        android:roundIcon="@mipmap/ic_launcher_round"
27-->src\main\AndroidManifest.xml:13:7-52
28        android:theme="@style/AppTheme"
28-->src\main\AndroidManifest.xml:15:7-38
29        android:usesCleartextTraffic="true" >
29-->src\debug\AndroidManifest.xml:8:9-44
30        <activity
30-->src\debug\AndroidManifest.xml:11:9-111
31            android:name="com.facebook.react.devsupport.DevSettingsActivity"
31-->src\debug\AndroidManifest.xml:11:19-83
32            android:exported="false" />
32-->src\debug\AndroidManifest.xml:11:84-108
33        <activity
33-->src\main\AndroidManifest.xml:16:7-27:18
34            android:name="com.extravel_react_native.MainActivity"
34-->src\main\AndroidManifest.xml:17:9-37
35            android:configChanges="keyboard|keyboardHidden|orientation|screenLayout|screenSize|smallestScreenSize|uiMode"
35-->src\main\AndroidManifest.xml:19:9-118
36            android:exported="true"
36-->src\main\AndroidManifest.xml:22:9-32
37            android:label="@string/app_name"
37-->src\main\AndroidManifest.xml:18:9-41
38            android:launchMode="singleTask"
38-->src\main\AndroidManifest.xml:20:9-40
39            android:windowSoftInputMode="adjustResize" >
39-->src\main\AndroidManifest.xml:21:9-51
40            <intent-filter>
40-->src\main\AndroidManifest.xml:23:9-26:25
41                <action android:name="android.intent.action.MAIN" />
41-->src\main\AndroidManifest.xml:24:13-65
41-->src\main\AndroidManifest.xml:24:21-62
42
43                <category android:name="android.intent.category.LAUNCHER" />
43-->src\main\AndroidManifest.xml:25:13-73
43-->src\main\AndroidManifest.xml:25:23-70
44            </intent-filter>
45        </activity>
46
47        <provider
47-->[:react-native-image-picker] AndroidManifest.xml:8:9-16:20
48            android:name="com.imagepicker.ImagePickerProvider"
48-->[:react-native-image-picker] AndroidManifest.xml:9:13-63
49            android:authorities="com.extravel_react_native.imagepickerprovider"
49-->[:react-native-image-picker] AndroidManifest.xml:10:13-71
50            android:exported="false"
50-->[:react-native-image-picker] AndroidManifest.xml:11:13-37
51            android:grantUriPermissions="true" >
51-->[:react-native-image-picker] AndroidManifest.xml:12:13-47
52            <meta-data
52-->[:react-native-image-picker] AndroidManifest.xml:13:13-15:70
53                android:name="android.support.FILE_PROVIDER_PATHS"
53-->[:react-native-image-picker] AndroidManifest.xml:14:17-67
54                android:resource="@xml/imagepicker_provider_paths" />
54-->[:react-native-image-picker] AndroidManifest.xml:15:17-67
55        </provider>
56
57        <meta-data
57-->[com.facebook.soloader:soloader:0.10.5] AndroidManifest.xml:12:9-14:37
58            android:name="com.facebook.soloader.enabled"
58-->[com.facebook.soloader:soloader:0.10.5] AndroidManifest.xml:13:13-57
59            android:value="false" />
59-->[com.facebook.soloader:soloader:0.10.5] AndroidManifest.xml:14:13-34
60
61        <provider
61-->[androidx.emoji2:emoji2:1.0.0] AndroidManifest.xml:26:9-34:20
62            android:name="androidx.startup.InitializationProvider"
62-->[androidx.emoji2:emoji2:1.0.0] AndroidManifest.xml:27:13-67
63            android:authorities="com.extravel_react_native.androidx-startup"
63-->[androidx.emoji2:emoji2:1.0.0] AndroidManifest.xml:28:13-68
64            android:exported="false" >
64-->[androidx.emoji2:emoji2:1.0.0] AndroidManifest.xml:29:13-37
65            <meta-data
65-->[androidx.emoji2:emoji2:1.0.0] AndroidManifest.xml:31:13-33:52
66                android:name="androidx.emoji2.text.EmojiCompatInitializer"
66-->[androidx.emoji2:emoji2:1.0.0] AndroidManifest.xml:32:17-75
67                android:value="androidx.startup" />
67-->[androidx.emoji2:emoji2:1.0.0] AndroidManifest.xml:33:17-49
68            <meta-data
68-->[androidx.lifecycle:lifecycle-process:2.4.0] AndroidManifest.xml:31:13-33:52
69                android:name="androidx.lifecycle.ProcessLifecycleInitializer"
69-->[androidx.lifecycle:lifecycle-process:2.4.0] AndroidManifest.xml:32:17-78
70                android:value="androidx.startup" />
70-->[androidx.lifecycle:lifecycle-process:2.4.0] AndroidManifest.xml:33:17-49
71        </provider>
72    </application>
73
74</manifest>